"../../../Engine/Content/EditorBlueprintResources/StandardMacros.uasset" 0
"../../../../../Unreal/ProjectTB_Day9/Content/AnimStarterPack/UE4_Mannequin/Mesh/UE4_Mannequin_Skeleton.uasset" 1
"../../../../../Unreal/ProjectTB_Day9/Content/AnimStarterPack/Walk_Fwd_Rifle_Ironsights.uasset" 2
"../../../../../Unreal/ProjectTB_Day9/Content/AnimStarterPack/Jump_From_Stand_Ironsights.uasset" 3
"../../../../../Unreal/ProjectTB_Day9/Content/AnimStarterPack/Idle_Rifle_Ironsights.uasset" 4
"../../../../../Unreal/ProjectTB_Day9/Content/AnimStarterPack/AnimUserAlive.uasset" 5
"../../../../../Unreal/ProjectTB_Day9/Content/AnimUserAlive.uasset" 6
"../../../Engine/Content/Animation/DefaultAnimBoneCompressionSettings.uasset" 7
"../../../Engine/Content/Animation/DefaultAnimCurveCompressionSettings.uasset" 8
"../../../../../Unreal/ProjectTB_Day9/Content/AnimStarterPack/Idle_Die1.uasset" 9
"../../../../../Unreal/ProjectTB_Day9/Content/Idle_Die.uasset" 10
"../../../../../Unreal/ProjectTB_Day9/Content/FirstPersonBP/UI/UIInteraction.uasset" 11
"../../../../../Unreal/ProjectTB_Day9/Content/FirstPersonBP/Maps/UIInteraction.uasset" 12
"../../../../../Unreal/ProjectTB_Day9/Content/UIInteraction.uasset" 13
"../../../../../Unreal/ProjectTB_Day9/Content/AnimStarterPack/Aim_Space_Hip.uasset" 14
"../../../../../Unreal/ProjectTB_Day9/Content/AnimStarterPack/Aim_Space_Ironsights.uasset" 15
"../../../../../Unreal/ProjectTB_Day9/Content/AnimStarterPack/Crouch_to_Stand_Rifle_Hip.uasset" 16
"../../../../../Unreal/ProjectTB_Day9/Content/AnimStarterPack/Crouch_to_Stand_Rifle_Ironsights.uasset" 17
"../../../../../Unreal/ProjectTB_Day9/Content/AnimStarterPack/Crouch_Walk_Bwd_Rifle_Ironsights.uasset" 18
"../../../../../Unreal/ProjectTB_Day9/Content/AnimStarterPack/Crouch_Walk_Lt_Rifle_Ironsights.uasset" 19
"../../../../../Unreal/ProjectTB_Day9/Content/AnimStarterPack/Crouch_Walk_Rt_Rifle_Ironsights.uasset" 20
"../../../../../Unreal/ProjectTB_Day9/Content/AnimStarterPack/Death_1.uasset" 21
"../../../../../Unreal/ProjectTB_Day9/Content/AnimStarterPack/Death_2.uasset" 22
"../../../../../Unreal/ProjectTB_Day9/Content/AnimStarterPack/Death_3.uasset" 23
"../../../../../Unreal/ProjectTB_Day9/Content/AnimStarterPack/Death_Ironsights_1.uasset" 24
"../../../../../Unreal/ProjectTB_Day9/Content/AnimStarterPack/Death_Ironsights_2.uasset" 25
"../../../../../Unreal/ProjectTB_Day9/Content/AnimStarterPack/Equip_Rifle_Standing.uasset" 26
"../../../../../Unreal/ProjectTB_Day9/Content/AnimStarterPack/Fire_Rifle_Hip.uasset" 27
"../../../../../Unreal/ProjectTB_Day9/Content/AnimStarterPack/Fire_Shotgun_Hip.uasset" 28
"../../../../../Unreal/ProjectTB_Day9/Content/AnimStarterPack/Fire_Shotgun_Ironsights.uasset" 29
"../../../../../Unreal/ProjectTB_Day9/Content/AnimStarterPack/Hit_React_4.uasset" 30
"../../../../../Unreal/ProjectTB_Day9/Content/AnimStarterPack/Idle_Pistol.uasset" 31
"../../../../../Unreal/ProjectTB_Day9/Content/AnimStarterPack/Prone_Death_1.uasset" 32
"../../../../../Unreal/ProjectTB_Day9/Content/AnimStarterPack/Prone_Death_2.uasset" 33
"../../../../../Unreal/ProjectTB_Day9/Content/AnimStarterPack/Prone_Fire_1.uasset" 34
"../../../../../Unreal/ProjectTB_Day9/Content/AnimStarterPack/Prone_Fire_2.uasset" 35
"../../../../../Unreal/ProjectTB_Day9/Content/AnimStarterPack/Prone_Idle.uasset" 36
"../../../../../Unreal/ProjectTB_Day9/Content/AnimStarterPack/Prone_Reload_Rifle.uasset" 37
"../../../../../Unreal/ProjectTB_Day9/Content/AnimStarterPack/Prone_Reload_Shotgun.uasset" 38
"../../../../../Unreal/ProjectTB_Day9/Content/AnimStarterPack/Prone_To_Stand.uasset" 39
"../../../../../Unreal/ProjectTB_Day9/Content/AnimStarterPack/Reload_Pistol.uasset" 40
"../../../../../Unreal/ProjectTB_Day9/Content/AnimStarterPack/Reload_Rifle_Ironsights.uasset" 41
"../../../../../Unreal/ProjectTB_Day9/Content/AnimStarterPack/Reload_Shotgun_Hip.uasset" 42
"../../../../../Unreal/ProjectTB_Day9/Content/AnimStarterPack/Reload_Shotgun_Ironsights.uasset" 43
"../../../../../Unreal/ProjectTB_Day9/Content/AnimStarterPack/Sprint_Fwd_Rifle.uasset" 44
"../../../../../Unreal/ProjectTB_Day9/Content/AnimStarterPack/Stand_to_Crouch_Rifle_Hip.uasset" 45
"../../../../../Unreal/ProjectTB_Day9/Content/AnimStarterPack/Stand_to_Crouch_Rifle_Ironsights.uasset" 46
"../../../../../Unreal/ProjectTB_Day9/Content/AnimStarterPack/Stand_To_Prone.uasset" 47
"../../../../../Unreal/ProjectTB_Day9/Content/AnimStarterPack/Walk_Bwd_Rifle_Ironsights.uasset" 48
"../../../../../Unreal/ProjectTB_Day9/Content/AnimStarterPack/Walk_Lt_Rifle_Ironsights.uasset" 49
"../../../../../Unreal/ProjectTB_Day9/Content/AnimStarterPack/Walk_Rt_Rifle_Ironsights.uasset" 50
"../../../../../Unreal/ProjectTB_Day9/Content/FirstPerson/Character/Mesh/SK_Mannequin_Arms_Skeleton.uasset" 51
"../../../../../Unreal/ProjectTB_Day9/Content/FirstPerson/Animations/FirstPerson_Idle.uasset" 52
"../../../../../Unreal/ProjectTB_Day9/Content/FirstPerson/Animations/FirstPerson_JumpEnd.uasset" 53
"../../../../../Unreal/ProjectTB_Day9/Content/FirstPerson/Animations/FirstPerson_JumpLoop.uasset" 54
"../../../../../Unreal/ProjectTB_Day9/Content/FirstPerson/Animations/FirstPerson_JumpStart.uasset" 55
"../../../../../Unreal/ProjectTB_Day9/Content/FirstPerson/Animations/FirstPerson_Run.uasset" 56
"../../../../../Unreal/ProjectTB_Day9/Content/FirstPerson/Animations/FirstPerson_AnimBP.uasset" 57
"../../../../../Unreal/ProjectTB_Day9/Content/FirstPerson/Character/Mesh/FirstPersonAnimBlueprint_Copy.uasset" 58
"../../../../../Unreal/ProjectTB_Day9/Content/FirstPerson/Character/Textures/UE4_LOGO_CARD.uasset" 59
"../../../../../Unreal/ProjectTB_Day9/Content/FirstPerson/FPWeapon/Materials/MaterialLayers/ML_Plastic_Shiny_Beige_LOGO.uasset" 60
"../../../../../Unreal/ProjectTB_Day9/Content/FirstPerson/FPWeapon/Materials/MaterialLayers/T_ML_FineRubber.uasset" 61
"../../../../../Unreal/ProjectTB_Day9/Content/FirstPerson/FPWeapon/Mesh/SK_FPGun_PhysicsAsset.uasset" 62
"../../../../../Unreal/ProjectTB_Day9/Content/FirstPersonBP/FirstPersonOverview.uasset" 63
"../../../../../Unreal/ProjectTB_Day9/Content/FirstPerson/Audio/testsound.uasset" 64
"../../../../../Unreal/ProjectTB_Day9/Content/FirstPerson/Meshes/BaseMaterial.uasset" 65
"../../../../../Unreal/ProjectTB_Day9/Content/FirstPerson/Meshes/FirstPersonProjectileMaterial.uasset" 66
"../../../../../Unreal/ProjectTB_Day9/Content/FirstPerson/Meshes/FirstPersonProjectileMesh.uasset" 67
"../../../../../Unreal/ProjectTB_Day9/Content/FirstPersonBP/Blueprints/SScore.uasset" 68
"../../../../../Unreal/ProjectTB_Day9/Content/AnimStarterPack/Run_Die.uasset" 69
"../../../../../Unreal/ProjectTB_Day9/Content/AnimStarterPack/Jump_Die.uasset" 70
"../../../../../Unreal/ProjectTB_Day9/Content/AnimStarterPack/AnimUserDie.uasset" 71
"../../../Engine/Content/Functions/Engine_MaterialFunctions02/Utility/BlendAngleCorrectedNormals.uasset" 72
"../../../Engine/Content/Functions/MaterialLayerFunctions/MatLayerBlend_AO.uasset" 73
"../../../Engine/Content/Functions/MaterialLayerFunctions/MatLayerBlend_NormalBlend.uasset" 74
"../../../Engine/Content/Functions/MaterialLayerFunctions/MatLayerBlend_Simple.uasset" 75
"../../../../../Unreal/ProjectTB_Day9/Content/AnimStarterPack/UE4_Mannequin/Materials/MaterialLayers/T_ML_Rubber_Blue_01_D.uasset" 76
"../../../../../Unreal/ProjectTB_Day9/Content/AnimStarterPack/UE4_Mannequin/Materials/MaterialLayers/T_ML_Rubber_Blue_01_N.uasset" 77
"../../../../../Unreal/ProjectTB_Day9/Content/AnimStarterPack/UE4_Mannequin/Materials/MaterialLayers/ML_GlossyBlack_Latex_UE4.uasset" 78
"../../../../../Unreal/ProjectTB_Day9/Content/AnimStarterPack/UE4_Mannequin/Materials/MaterialLayers/ML_Plastic_Shiny_Beige.uasset" 79
"../../../../../Unreal/ProjectTB_Day9/Content/AnimStarterPack/UE4_Mannequin/Textures/UE4_LOGO_CARD.uasset" 80
"../../../../../Unreal/ProjectTB_Day9/Content/AnimStarterPack/UE4_Mannequin/Materials/MaterialLayers/ML_Plastic_Shiny_Beige_LOGO.uasset" 81
"../../../../../Unreal/ProjectTB_Day9/Content/AnimStarterPack/UE4_Mannequin/Materials/MaterialLayers/T_ML_Aluminum01.uasset" 82
"../../../../../Unreal/ProjectTB_Day9/Content/AnimStarterPack/UE4_Mannequin/Materials/MaterialLayers/T_ML_Aluminum01_N.uasset" 83
"../../../../../Unreal/ProjectTB_Day9/Content/AnimStarterPack/UE4_Mannequin/Materials/MaterialLayers/ML_SoftMetal_UE4.uasset" 84
"../../../../../Unreal/ProjectTB_Day9/Content/AnimStarterPack/UE4_Mannequin/Textures/UE4_Mannequin__normals.uasset" 85
"../../../../../Unreal/ProjectTB_Day9/Content/AnimStarterPack/UE4_Mannequin/Textures/UE4_Mannequin_MAT_MASKA.uasset" 86
"../../../../../Unreal/ProjectTB_Day9/Content/AnimStarterPack/UE4_Mannequin/Textures/UE4_Mannequin_occlusion_Mobile.uasset" 87
"../../../../../Unreal/ProjectTB_Day9/Content/AnimStarterPack/UE4_Mannequin/Materials/M_UE4Man_Body.uasset" 88
"../../../../../Unreal/ProjectTB_Day9/Content/AnimStarterPack/UE4_Mannequin/Textures/UE4Man_Logo_N.uasset" 89
"../../../../../Unreal/ProjectTB_Day9/Content/AnimStarterPack/UE4_Mannequin/Materials/M_UE4Man_ChestLogo.uasset" 90
"../../../../../Unreal/ProjectTB_Day9/Content/AnimStarterPack/UE4_Mannequin/Mesh/SK_Mannequin_PhysicsAsset.uasset" 91
"../../../../../Unreal/ProjectTB_Day9/Content/AnimStarterPack/UE4_Mannequin/Mesh/SK_Mannequin.uasset" 92
"../../../../../Unreal/ProjectTB_Day9/Content/FirstPerson/Animations/FirstPerson_Fire.uasset" 93
"../../../../../Unreal/ProjectTB_Day9/Content/FirstPerson/Animations/FirstPersonFire_Montage.uasset" 94
"../../../../../Unreal/ProjectTB_Day9/Content/FirstPerson/Audio/FirstPersonTemplateWeaponFire02.uasset" 95
"../../../../../Unreal/ProjectTB_Day9/Content/FirstPerson/FPWeapon/Materials/MaterialLayers/T_ML_Rubber_Blue_01_D.uasset" 96
"../../../../../Unreal/ProjectTB_Day9/Content/FirstPerson/FPWeapon/Materials/MaterialLayers/T_ML_Rubber_Blue_01_N.uasset" 97
"../../../../../Unreal/ProjectTB_Day9/Content/FirstPerson/FPWeapon/Materials/MaterialLayers/ML_GlossyBlack_Latex_UE4.uasset" 98
"../../../../../Unreal/ProjectTB_Day9/Content/FirstPerson/FPWeapon/Materials/MaterialLayers/ML_Plastic_Shiny_Beige.uasset" 99
"../../../../../Unreal/ProjectTB_Day9/Content/FirstPerson/FPWeapon/Materials/MaterialLayers/ML_Screen.uasset" 100
"../../../../../Unreal/ProjectTB_Day9/Content/FirstPerson/FPWeapon/Materials/MaterialLayers/T_ML_Aluminum01.uasset" 101
"../../../../../Unreal/ProjectTB_Day9/Content/FirstPerson/FPWeapon/Materials/MaterialLayers/T_ML_Aluminum01_N.uasset" 102
"../../../../../Unreal/ProjectTB_Day9/Content/FirstPerson/FPWeapon/Materials/MaterialLayers/ML_SoftMetal_UE4.uasset" 103
"../../../../../Unreal/ProjectTB_Day9/Content/FirstPerson/FPWeapon/Textures/T_FPGun_M.uasset" 104
"../../../../../Unreal/ProjectTB_Day9/Content/FirstPerson/FPWeapon/Textures/T_FPGun_N.uasset" 105
"../../../../../Unreal/ProjectTB_Day9/Content/FirstPerson/FPWeapon/Materials/M_FPGun.uasset" 106
"../../../../../Unreal/ProjectTB_Day9/Content/FirstPerson/FPWeapon/Mesh/SK_FPGun_Skeleton.uasset" 107
"../../../../../Unreal/ProjectTB_Day9/Content/FirstPerson/FPWeapon/Mesh/SK_FPGun.uasset" 108
"../../../../../Unreal/ProjectTB_Day9/Content/FirstPersonBP/Blueprints/AI/BBEnemyTest.uasset" 109
"../../../../../Unreal/ProjectTB_Day9/Content/FirstPersonBP/Blueprints/AI/BTsEnemyTest.uasset" 110
"../../../../../Unreal/ProjectTB_Day9/Content/FirstPersonBP/Blueprints/AI/BPEnemyAITest.uasset" 111
"../../../../../Unreal/ProjectTB_Day9/Content/FirstPersonBP/Blueprints/Bullet/FirstPersonProjectile.uasset" 112
"../../../../../Unreal/ProjectTB_Day9/Content/FirstPersonBP/Blueprints/AI/BBBullet.uasset" 113
"../../../../../Unreal/ProjectTB_Day9/Content/FirstPersonBP/Blueprints/AI/BTsBullet.uasset" 114
"../../../../../Unreal/ProjectTB_Day9/Content/FirstPersonBP/Blueprints/AI/BPBulletAI.uasset" 115
"../../../../../Unreal/ProjectTB_Day9/Content/FirstPersonBP/Blueprints/Bullet/PTrackingBullet.uasset" 116
"../../../../../Unreal/ProjectTB_Day9/Content/AnimStarterPack/UE4_Mannequin/Materials/M_UE4Man_Body_Die.uasset" 117
"../../../../../Unreal/ProjectTB_Day9/Content/FirstPerson/Meshes/RedBullet.uasset" 118
"../../../../../Unreal/ProjectTB_Day9/Content/FirstPersonBP/Blueprints/Bullet/RedBullet.uasset" 119
"../../../../../Unreal/ProjectTB_Day9/Content/FirstPerson/Character/Materials/MaterialLayers/T_ML_Rubber_Blue_01_N.uasset" 120
"../../../../../Unreal/ProjectTB_Day9/Content/FirstPerson/Character/Materials/MaterialLayers/T_ML_Rubber_Blue_01_D.uasset" 121
"../../../../../Unreal/ProjectTB_Day9/Content/FirstPerson/Character/Materials/MaterialLayers/ML_GlossyBlack_Latex_UE4.uasset" 122
"../../../../../Unreal/ProjectTB_Day9/Content/FirstPerson/Character/Materials/MaterialLayers/ML_Plastic_Shiny_Beige.uasset" 123
"../../../../../Unreal/ProjectTB_Day9/Content/FirstPerson/Character/Materials/MaterialLayers/ML_Plastic_Shiny_Beige_LOGO.uasset" 124
"../../../../../Unreal/ProjectTB_Day9/Content/FirstPerson/Character/Materials/MaterialLayers/T_ML_Aluminum01_N.uasset" 125
"../../../../../Unreal/ProjectTB_Day9/Content/FirstPerson/Character/Materials/MaterialLayers/T_ML_Aluminum01.uasset" 126
"../../../../../Unreal/ProjectTB_Day9/Content/FirstPerson/Character/Materials/MaterialLayers/ML_SoftMetal_UE4.uasset" 127
"../../../../../Unreal/ProjectTB_Day9/Content/FirstPerson/Character/Textures/UE4_Mannequin__normals.uasset" 128
"../../../../../Unreal/ProjectTB_Day9/Content/FirstPerson/Character/Textures/UE4_Mannequin_MAT_MASKA.uasset" 129
"../../../../../Unreal/ProjectTB_Day9/Content/FirstPerson/Character/Materials/M_UE4Man_Body.uasset" 130
"../../../../../Unreal/ProjectTB_Day9/Content/FirstPerson/Character/Mesh/SK_Mannequin_Arms_PhysicsAsset.uasset" 131
"../../../../../Unreal/ProjectTB_Day9/Content/FirstPerson/Character/Mesh/SK_Mannequin_Arms.uasset" 132
"../../../../../Unreal/ProjectTB_Day9/Content/FirstPersonBP/Blueprints/FirstPersonCharacter.uasset" 133
"../../../../../Unreal/ProjectTB_Day9/Content/FirstPersonBP/Blueprints/Bullet/TrackingBullet.uasset" 134
"../../../../../Unreal/ProjectTB_Day9/Content/FirstPersonBP/UI/UIInGameExit.uasset" 135
"../../../../../Unreal/ProjectTB_Day9/Content/FirstPersonBP/UI/UIInGameMenu.uasset" 136
"../../../../../Unreal/ProjectTB_Day9/Content/FirstPersonBP/Maps/UIInGameMenu.uasset" 137
"../../../../../Unreal/ProjectTB_Day9/Content/FirstPersonBP/UI/UIPlayGame.uasset" 138
"../../../../../Unreal/ProjectTB_Day9/Content/FirstPersonBP/Maps/UIPlayGame.uasset" 139
"../../../../../Unreal/ProjectTB_Day9/Content/FirstPersonBP/UI/UITitleExit.uasset" 140
"../../../../../Unreal/ProjectTB_Day9/Content/FirstPersonBP/UI/UITitle.uasset" 141
"../../../../../Unreal/ProjectTB_Day9/Content/FirstPersonBP/Maps/UITitle.uasset" 142
"../../../../../Unreal/ProjectTB_Day9/Content/Geometry/Meshes/CubeMaterial.uasset" 143
"../../../../../Unreal/ProjectTB_Day9/Content/Geometry/Meshes/1M_Cube_Chamfer.uasset" 144
"../../../../../Unreal/ProjectTB_Day9/Content/Geometry/Meshes/TemplateFloor.uasset" 145
"../../../Engine/Content/Functions/Engine_MaterialFunctions01/Opacity/CameraDepthFade.uasset" 146
"../../../Engine/Content/EngineMaterials/T_Default_Material_Grid_M.uasset" 147
"../../../Engine/Content/EngineMaterials/T_Default_Material_Grid_N.uasset" 148
"../../../Engine/Content/EngineMaterials/WorldGridMaterial.uasset" 149
"../../../Engine/Content/ArtTools/RenderToTexture/Meshes/S_1_Unit_Plane.uasset" 150
"../../../Engine/Content/EngineMaterials/DefaultMaterial.uasset" 151
"../../../Engine/Content/BasicShapes/Cone.uasset" 152
"../../../Engine/Content/BasicShapes/Cube.uasset" 153
"../../../Engine/Content/BasicShapes/Plane.uasset" 154
"../../../Engine/Content/EditorLandscapeResources/DataLayer.uasset" 155
"../../../Engine/Content/EditorLandscapeResources/DefaultAlphaTexture.uasset" 156
"../../../Engine/Content/EditorMaterials/MAT_Groups_Toggle.uasset" 157
"../../../Engine/Content/EditorMaterials/MAT_Groups_Visibility.uasset" 158
"../../../Engine/Content/EditorMaterials/PreviewShadowIndicator.uasset" 159
"../../../Engine/Content/EditorMaterials/PreviewShadowIndicatorMaterial.uasset" 160
"../../../Engine/Content/EditorMaterials/MatineeGroups/MAT_ColorTrack.uasset" 161
"../../../Engine/Content/EditorMaterials/MatineeGroups/MAT_Groups_Anim.uasset" 162
"../../../Engine/Content/EditorMaterials/MatineeGroups/MAT_Groups_AudioMaster.uasset" 163
"../../../Engine/Content/EditorMaterials/MatineeGroups/MAT_Groups_Director.uasset" 164
"../../../Engine/Content/EditorMaterials/MatineeGroups/MAT_Groups_Event.uasset" 165
"../../../Engine/Content/EditorMaterials/MatineeGroups/MAT_Groups_Fade.uasset" 166
"../../../Engine/Content/EditorMaterials/MatineeGroups/MAT_Groups_Float.uasset" 167
"../../../Engine/Content/EditorMaterials/MatineeGroups/MAT_Groups_Move.uasset" 168
"../../../Engine/Content/EditorMaterials/MatineeGroups/MAT_Groups_Slomo.uasset" 169
"../../../Engine/Content/EditorMaterials/MatineeGroups/MAT_Groups_Sound.uasset" 170
"../../../Engine/Content/EditorMaterials/MatineeGroups/MAT_Groups_Vector.uasset" 171
"../../../Engine/Content/EditorMaterials/ParticleSystems/PSysThumbnail_NoImage.uasset" 172
"../../../Engine/Content/EditorMaterials/ParticleSystems/PSysThumbnail_OOD.uasset" 173
"../../../Engine/Content/EditorMaterials/Camera/CineMat.uasset" 174
"../../../Engine/Content/EditorMaterials/Camera/MI_CineMat_Rig.uasset" 175
"../../../Engine/Content/EditorMeshes/Camera/SM_CraneRig_Arm.uasset" 176
"../../../Engine/Content/EditorMeshes/Camera/SM_CraneRig_Base.uasset" 177
"../../../Engine/Content/EditorMeshes/Camera/SM_CraneRig_Body.uasset" 178
"../../../Engine/Content/EditorMeshes/Camera/SM_CraneRig_Mount.uasset" 179
"../../../Engine/Content/EditorMeshes/Camera/SM_RailRig_Mount.uasset" 180
"../../../Engine/Content/EditorMeshes/Camera/SM_RailRig_Track.uasset" 181
"../../../Engine/Content/EditorResources/BSPVertex.uasset" 182
"../../../Engine/Content/EditorResources/EmptyActor.uasset" 183
"../../../Engine/Content/EditorResources/S_Actor.uasset" 184
"../../../Engine/Content/EditorResources/S_Note.uasset" 185
"../../../Engine/Content/EditorResources/S_Solver.uasset" 186
"../../../Engine/Content/EditorResources/S_Terrain.uasset" 187
"../../../Engine/Content/EditorResources/S_Trigger.uasset" 188
"../../../Engine/Content/EditorResources/LightIcons/S_LightError.uasset" 189
"../../../Engine/Content/EditorResources/SequenceRecorder/Countdown.uasset" 190
"../../../Engine/Content/EditorResources/SequenceRecorder/RecordingIndicator.uasset" 191
"../../../Engine/Content/EngineDamageTypes/DmgTypeBP_Environmental.uasset" 192
"../../../Engine/Content/EngineDebugMaterials/DebugEditorMaterial.uasset" 193
"../../../Engine/Content/EngineDebugMaterials/DebugMeshMaterial.uasset" 194
"../../../Engine/Content/EngineDebugMaterials/M_SimpleUnlitTranslucent.uasset" 195
"../../../Engine/Content/EngineDebugMaterials/VolumeToRender.uasset" 196
"../../../Engine/Content/Functions/Engine_MaterialFunctions02/Utility/CameraDirectionVector.uasset" 197
"../../../Engine/Content/EngineDebugMaterials/M_VolumeRenderSphereTracePP.uasset" 198
"../../../Engine/Content/Functions/Engine_MaterialFunctions01/Shading/ConvertFromDiffSpec.uasset" 199
"../../../Engine/Content/EngineDebugMaterials/VertexColorMaterial.uasset" 200
"../../../Engine/Content/EngineDebugMaterials/WireframeMaterial.uasset" 201
"../../../Engine/Content/EngineFonts/Faces/RobotoRegular.uasset" 202
"../../../Engine/Content/EngineFonts/Faces/RobotoLight.uasset" 203
"../../../Engine/Content/EngineFonts/Faces/RobotoItalic.uasset" 204
"../../../Engine/Content/EngineFonts/Faces/RobotoBoldItalic.uasset" 205
"../../../Engine/Content/EngineFonts/Faces/RobotoBold.uasset" 206
"../../../Engine/Content/EngineFonts/Faces/DroidSansFallback.uasset" 207
"../../../Engine/Content/EngineFonts/Roboto.uasset" 208
"../../../Engine/Content/EngineMaterials/BaseFlattenNormalMap.uasset" 209
"../../../Engine/Content/EngineMaterials/BaseFlattenGrayscaleMap.uasset" 210
"../../../Engine/Content/EngineMaterials/BaseFlattenEmissiveMap.uasset" 211
"../../../Engine/Content/EngineMaterials/BaseFlattenDiffuseMap.uasset" 212
"../../../Engine/Content/EngineMaterials/BaseFlattenMaterial.uasset" 213
"../../../Engine/Content/EngineMaterials/BlueNoise.uasset" 214
"../../../Engine/Content/EngineMaterials/DefaultBloomKernel.uasset" 215
"../../../Engine/Content/EngineMaterials/DefaultBokeh.uasset" 216
"../../../Engine/Content/EngineMaterials/DefaultDiffuse.uasset" 217
"../../../Engine/Content/EngineMaterials/DefaultDeferredDecalMaterial.uasset" 218
"../../../Engine/Content/EngineMaterials/DefaultLightFunctionMaterial.uasset" 219
"../../../Engine/Content/EngineMaterials/DefaultPhysicalMaterial.uasset" 220
"../../../Engine/Content/Functions/Engine_MaterialFunctions02/Utility/BreakOutFloat2Components.uasset" 221
"../../../Engine/Content/EngineMaterials/DefaultPostProcessMaterial.uasset" 222
"../../../Engine/Content/EngineFonts/RobotoDistanceField.uasset" 223
"../../../Engine/Content/EngineMaterials/DefaultTextMaterialOpaque.uasset" 224
"../../../Engine/Content/EngineMaterials/DefaultWhiteGrid.uasset" 225
"../../../Engine/Content/EngineMaterials/DefaultWhiteGrid_Low.uasset" 226
"../../../Engine/Content/EngineMaterials/EmissiveMeshMaterial.uasset" 227
"../../../Engine/Content/EngineMaterials/GizmoMaterial.uasset" 228
"../../../Engine/Content/EngineMaterials/Good64x64TilingNoiseHighFreq.uasset" 229
"../../../Engine/Content/EngineMaterials/MiniFont.uasset" 230
"../../../Engine/Content/EngineMaterials/InvalidLightmapSettings.uasset" 231
"../../../Engine/Content/EngineMaterials/M_InvalidLightmapSettings.uasset" 232
"../../../Engine/Content/Functions/Engine_MaterialFunctions02/WorldPositionOffset/CameraOffset.uasset" 233
"../../../Engine/Content/EngineMaterials/PhAT_JointLimitMaterial.uasset" 234
"../../../Engine/Content/EngineMaterials/PreintegratedSkinBRDF.uasset" 235
"../../../Engine/Content/EngineMaterials/RemoveSurfaceMaterial.uasset" 236
"../../../Engine/Content/EngineMaterials/WeightMapPlaceholderTexture.uasset" 237
"../../../Engine/Content/EngineResources/WhiteSquareTexture.uasset" 238
"../../../Engine/Content/EngineMaterials/Widget3DPassThrough.uasset" 239
"../../../Engine/Content/EngineMaterials/Widget3DPassThrough_Masked.uasset" 240
"../../../Engine/Content/EngineMaterials/Widget3DPassThrough_Opaque.uasset" 241
"../../../Engine/Content/EngineMaterials/Widget3DPassThrough_Masked_OneSided.uasset" 242
"../../../Engine/Content/EngineMaterials/Widget3DPassThrough_Opaque_OneSided.uasset" 243
"../../../Engine/Content/EngineMaterials/Widget3DPassThrough_Translucent.uasset" 244
"../../../Engine/Content/EngineMaterials/Widget3DPassThrough_Translucent_OneSided.uasset" 245
"../../../Engine/Content/EngineMeshes/Cylinder.uasset" 246
"../../../Engine/Content/EngineMeshes/Sphere.uasset" 247
"../../../Engine/Content/EngineResources/Black.uasset" 248
"../../../Engine/Content/EngineResources/DefaultTextureCube.uasset" 249
"../../../Engine/Content/EngineResources/DefaultVolumeTexture2D.uasset" 250
"../../../Engine/Content/EngineResources/DefaultVolumeTexture.uasset" 251
"../../../Engine/Content/EngineResources/GradientTexture0.uasset" 252
"../../../Engine/Content/EngineSky/VolumetricClouds/T_NoiseShape64.uasset" 253
"../../../Engine/Content/EngineSky/VolumetricClouds/T_VolumeNoiseShape64.uasset" 254
"../../../Engine/Content/EngineSky/VolumetricClouds/T_NoiseErosion.uasset" 255
"../../../Engine/Content/EngineSky/VolumetricClouds/T_VolumeNoiseErosion32.uasset" 256
"../../../Engine/Content/EngineSky/VolumetricClouds/CloudWeatherTexture.uasset" 257
"../../../Engine/Content/EngineSky/VolumetricClouds/CloudGradientTexture.uasset" 258
"../../../Engine/Content/Functions/Engine_MaterialFunctions02/Utility/MakeFloat2.uasset" 259
"../../../Engine/Content/EngineSky/VolumetricClouds/m_SimpleVolumetricCloud.uasset" 260
"../../../Engine/Content/EngineSky/VolumetricClouds/m_SimpleVolumetricCloud_Inst.uasset" 261
"../../../Engine/Content/EngineSounds/Master.uasset" 262
"../../../Engine/Content/Functions/Engine_MaterialFunctions01/Shading/PowerToRoughness.uasset" 263
"../../../Engine/Content/Maps/Templates/Thumbnails/Default.uasset" 264
"../../../Engine/Content/Maps/Templates/Thumbnails/TimeOfDay.uasset" 265
"../../../Engine/Content/Maps/Templates/Thumbnails/VR-Basic.uasset" 266
"../../../Engine/Content/MobileResources/T_MobileControls_texture.uasset" 267
"../../../Engine/Content/MobileResources/T_MobileMenu2.uasset" 268
"../../../Engine/Content/MobileResources/HUD/AnalogHat.uasset" 269
"../../../Engine/Content/MobileResources/HUD/VirtualJoystick_Thumb.uasset" 270
"../../../Engine/Content/MobileResources/HUD/VirtualJoystick_Background.uasset" 271
"../../../Engine/Content/MobileResources/HUD/DefaultVirtualJoysticks.uasset" 272
"../../../Engine/Content/MobileResources/HUD/LeftVirtualJoystickOnly.uasset" 273
"../../../Engine/Content/MobileResources/HUD/MobileHUDButton1_off.uasset" 274
"../../../Engine/Content/MobileResources/HUD/MobileHUDButton1_on.uasset" 275
"../../../Engine/Content/MobileResources/HUD/MobileHUDButton2_off.uasset" 276
"../../../Engine/Content/MobileResources/HUD/MobileHUDButton2_on.uasset" 277
"../../../Engine/Content/MobileResources/HUD/MobileHUDButton3.uasset" 278
"../../../Engine/Content/MobileResources/HUD/MobileHUDButtonFire.uasset" 279
"../../../Engine/Content/MobileResources/HUD/MobileHUDDirectionPad.uasset" 280
"../../../Engine/Content/MobileResources/HUD/MobileHUDDirectionPad2.uasset" 281
"../../../Engine/Content/MobileResources/HUD/MobileHUDDirectionPad3.uasset" 282
"../../../Engine/Content/MobileResources/HUD/MobileHUDDirectionStick.uasset" 283
"../../../Engine/Content/MobileResources/HUD/T_Castle_ThumbstickInner.uasset" 284
"../../../Engine/Content/MobileResources/HUD/T_Castle_ThumbstickOutter.uasset" 285
"../../../Engine/Content/Tutorial/ContentIntroCurve.uasset" 286
"../../../Engine/Content/Tutorial/Basics/LevelEditorAttract.uasset" 287
"../../../Engine/Content/Tutorial/Basics/TutorialAssets/icon_tab_Levels_40x.uasset" 288
"../../../Engine/Content/Tutorial/Basics/LevelEditorOverview.uasset" 289
"../../../Engine/Content/Tutorial/BlueprintTutorials/TutorialAssets/Blueprint_64x.uasset" 290
"../../../Engine/Content/Tutorial/BlueprintTutorials/BlueprintEditorTutorial.uasset" 291
"../../../Engine/Content/Tutorial/BlueprintTutorials/LevelBlueprintEditorOverview.uasset" 292
"../../../Engine/Content/Tutorial/SubEditors/ParticleSystemEditorTutorial.uasset" 293
"../../../Engine/Content/Tutorial/SubEditors/TutorialAssets/T_soft_smoke.uasset" 294
"../../../Engine/Content/Tutorial/SubEditors/TutorialAssets/T_SmokeSubUV_8X8.uasset" 295
"../../../Engine/Content/Tutorial/SubEditors/TutorialAssets/M_smoke_subUV_blackbody.uasset" 296
"../../../Engine/Content/Tutorial/SubEditors/TutorialAssets/TutorialParticleSystem.uasset" 297
"../../../Engine/Content/VREditor/TransformGizmo/TranslucentTransformGizmoMaterial.uasset" 298
"../../../Engine/Content/VREditor/LaserPointer/VR_LaserPower_01.uasset" 299
"../../../Engine/Content/VREditor/TransformGizmo/TransformGizmoMaterial.uasset" 300
"../../../Engine/Content/VREditor/TransformGizmo/BoundingBoxCorner.uasset" 301
"../../../Engine/Content/VREditor/TransformGizmo/BoundingBoxEdge.uasset" 302
"../../../Engine/Content/VREditor/TransformGizmo/PlaneTranslationHandle.uasset" 303
"../../../Engine/Content/VREditor/TransformGizmo/Xray.uasset" 304
"../../../Engine/Content/VREditor/TransformGizmo/Main.uasset" 305
"../../../Engine/Content/VREditor/TransformGizmo/SM_Sequencer_Key.uasset" 306
"../../../Engine/Content/VREditor/TransformGizmo/SM_Sequencer_Node.uasset" 307
"../../Plugins/2D/Paper2D/Content/PlaceholderTextures/DummySpriteTexture.uasset" 308
"../../Plugins/2D/Paper2D/Content/DummySprite.uasset" 309
"../../Plugins/2D/Paper2D/Content/DefaultPaperTerrainMaterial.uasset" 310
"../../Plugins/2D/Paper2D/Content/DefaultSpriteMaterial.uasset" 311
"../../Plugins/2D/Paper2D/Content/MaskedUnlitSpriteMaterial.uasset" 312
"../../Plugins/2D/Paper2D/Content/OpaqueUnlitSpriteMaterial.uasset" 313
"../../../Engine/Content/Functions/Engine_MaterialFunctions02/Utility/BreakOutFloat3Components.uasset" 314
"../../Plugins/Editor/SpeedTreeImporter/Content/SpeedTree9/UnpackInteger3.uasset" 315
"../../Plugins/Editor/SpeedTreeImporter/Content/SpeedTree9/UnpackDirection.uasset" 316
"../../Plugins/Editor/SpeedTreeImporter/Content/SpeedTree9/game_wind_noise.uasset" 317
"../../../Engine/Content/Functions/Engine_MaterialFunctions02/SafeNormalize.uasset" 318
"../../Plugins/Editor/SpeedTreeImporter/Content/SpeedTree9/SpeedTreeWindMotion.uasset" 319
"../../Plugins/Editor/SpeedTreeImporter/Content/SpeedTree9/SpeedTreeBranchMotion.uasset" 320
"../../../Engine/Content/Functions/Engine_MaterialFunctions02/ObjectLocalBounds.uasset" 321
"../../../Engine/Content/Functions/Engine_MaterialFunctions02/UVs/BoundingBoxBased_0-1_UVW.uasset" 322
"../../Plugins/Editor/SpeedTreeImporter/Content/SpeedTree9/SpeedTreeWind.uasset" 323
"../../Plugins/Editor/SpeedTreeImporter/Content/SpeedTree9/SpeedTreeBillboard.uasset" 324
"../../../Engine/Content/EngineResources/DefaultTexture.uasset" 325
"../../Plugins/Editor/SpeedTreeImporter/Content/SpeedTree9/SpeedTreeBillboardMaster.uasset" 326
"../../Plugins/Editor/SpeedTreeImporter/Content/SpeedTree9/SpeedTreeCameraFacing.uasset" 327
"../../Plugins/Editor/SpeedTreeImporter/Content/SpeedTree9/SpeedTreeMaster.uasset" 328
"../../../Engine/Content/BasicShapes/Cylinder.uasset" 329
"../../../Engine/Content/ArtTools/RenderToTexture/Materials/Debug/M_Emissive_Color.uasset" 330
"../../Plugins/Lumin/MagicLeapPassableWorld/Content/MagicLeapARPinInfoActor.uasset" 331
"../../../Engine/Content/Functions/Engine_MaterialFunctions02/Utility/BreakOutFloat4Components.uasset" 332
"../../../Engine/Content/Functions/Engine_MaterialFunctions02/Utility/MakeFloat3.uasset" 333
"../../Plugins/Runtime/Oculus/OculusVR/Content/Materials/OculusMR_ChromaKey.uasset" 334
"../../Plugins/Runtime/Oculus/OculusVR/Content/Materials/OculusMR_OpaqueColoredMaterial.uasset" 335
"../../Plugins/Runtime/Oculus/OculusVR/Content/Materials/PokeAHoleMaterial.uasset" 336
"../../../../../Unreal/ProjectTB_Day9/Content/AnimStarterPack/Crouch_Idle_Rifle_Hip.uasset" 337
"../../../../../Unreal/ProjectTB_Day9/Content/AnimStarterPack/Crouch_Idle_Rifle_Ironsights.uasset" 338
"../../../../../Unreal/ProjectTB_Day9/Content/AnimStarterPack/Crouch_Walk_Fwd_Rifle_Ironsights.uasset" 339
"../../../../../Unreal/ProjectTB_Day9/Content/AnimStarterPack/Equip_Pistol_Standing.uasset" 340
"../../../../../Unreal/ProjectTB_Day9/Content/AnimStarterPack/Fire_Rifle_Ironsights.uasset" 341
"../../../../../Unreal/ProjectTB_Day9/Content/AnimStarterPack/Hit_React_1.uasset" 342
"../../../../../Unreal/ProjectTB_Day9/Content/AnimStarterPack/Hit_React_2.uasset" 343
"../../../../../Unreal/ProjectTB_Day9/Content/AnimStarterPack/Hit_React_3.uasset" 344
"../../../../../Unreal/ProjectTB_Day9/Content/AnimStarterPack/Idle_Rifle_Hip_Break1.uasset" 345
"../../../../../Unreal/ProjectTB_Day9/Content/AnimStarterPack/Idle_Rifle_Hip_Break2.uasset" 346
"../../../../../Unreal/ProjectTB_Day9/Content/AnimStarterPack/Reload_Rifle_Hip.uasset" 347
"../../../Engine/Content/EngineSky/T_Sky_Blue.uasset" 348
"../../../Engine/Content/EngineSky/T_Sky_Clouds_M.uasset" 349
"../../../Engine/Content/EngineSky/T_Sky_Stars.uasset" 350
"../../../Engine/Content/EngineSky/M_Sky_Panning_Clouds2.uasset" 351
"../../../Engine/Content/EngineSky/SM_SkySphere.uasset" 352
"../../../Engine/Content/EngineSky/C_Sky_Zenith_Color.uasset" 353
"../../../Engine/Content/EngineSky/C_Sky_Horizon_Color.uasset" 354
"../../../Engine/Content/EngineSky/C_Sky_Cloud_Color.uasset" 355
"../../../Engine/Content/EngineSky/BP_Sky_Sphere.uasset" 356
"../../../Engine/Content/TemplateResources/M_Template_Master.uasset" 357
"../../../Engine/Content/TemplateResources/MI_Template_BaseGray_03_Metal.uasset" 358
"../../../../../Unreal/ProjectTB_Day9/Content/AnimStarterPack/Showcase.umap" 359
"../../../../../Unreal/ProjectTB_Day9/Content/FirstPersonBP/UI/UIUesrScore.uasset" 360
"../../../../../Unreal/ProjectTB_Day9/Content/FirstPersonBP/UI/UIEndGame.uasset" 361
"../../../../../Unreal/ProjectTB_Day9/Content/FirstPersonBP/Blueprints/GMInstance.uasset" 362
"../../../../../Unreal/ProjectTB_Day9/Content/FirstPersonBP/Maps/levelEndGame.umap" 363
"../../../../../Unreal/ProjectTB_Day9/Content/FirstPersonBP/UI/UIScore.uasset" 364
"../../../Engine/Content/Functions/Engine_MaterialFunctions03/Procedurals/ComputeFilterWidth.uasset" 365
"../../../Engine/Content/EngineMaterials/AntiAliasedTextMaterialTranslucent.uasset" 366
"../../../../../Unreal/ProjectTB_Day9/Content/FirstPersonBP/Maps/levelPlayGameTest_BuiltData.uasset" 367
"../../../../../Unreal/ProjectTB_Day9/Content/Geometry/Meshes/1M_Cube.uasset" 368
"../../../Engine/Content/BasicShapes/Sphere.uasset" 369
"../../../Engine/Content/BasicShapes/BasicShapeMaterial.uasset" 370
"../../../../../Unreal/ProjectTB_Day9/Content/FirstPersonBP/Blueprints/ObjectGun.uasset" 371
"../../../../../Unreal/ProjectTB_Day9/Content/FirstPerson/Textures/FirstPersonCrosshair.uasset" 372
"../../../../../Unreal/ProjectTB_Day9/Content/FirstPersonBP/Blueprints/FirstPersonHUD.uasset" 373
"../../../../../Unreal/ProjectTB_Day9/Content/FirstPersonBP/Blueprints/FirstPersonGameMode.uasset" 374
"../../../../../Unreal/ProjectTB_Day9/Content/FirstPerson/Meshes/CubeMaterialOverride.uasset" 375
"../../../../../Unreal/ProjectTB_Day9/Content/FirstPersonBP/Maps/levelPlayGameTest.umap" 376
"../../../../../Unreal/ProjectTB_Day9/Content/FirstPersonBP/Maps/levelTitle.umap" 377
"../../../Engine/Content/Maps/Entry_BuiltData.uasset" 378
"../../../Engine/Content/Maps/Entry.umap" 379
